<?xml version="1.0" encoding="UTF-8"?>
<!-- Generated by org.testng.reporters.JUnitReportReporter -->
<testsuite hostname="DESKTOP-7KS9I4R" failures="0" tests="1" name="Automation_program.Automation2" time="10.514" errors="0" timestamp="2023-12-26T18:19:35 IST" skipped="0">
  <testcase classname="Automation_program.Automation2" name="booking" time="10.514"/>
  <system-out/>
</testsuite> <!-- Automation_program.Automation2 -->
