<?xml version="1.0" encoding="UTF-8"?>
<!-- Generated by org.testng.reporters.JUnitReportReporter -->
<testsuite hostname="DESKTOP-7KS9I4R" failures="0" tests="1" name="Page_class.Base_liebrary" time="13.417" errors="0" timestamp="2023-12-26T18:29:33 IST" skipped="0">
  <testcase classname="Page_class.Base_liebrary" name="booking" time="13.417"/>
  <system-out/>
</testsuite> <!-- Page_class.Base_liebrary -->
